2026-06-06 14:25:58,225 INFO  pages.guru99.LoginPage - Starting Login Process
2026-06-06 14:25:58,230 INFO  pages.guru99.LoginPage - Entering User ID
2026-06-06 14:25:58,410 INFO  pages.guru99.LoginPage - Entering Password
2026-06-06 14:25:58,539 INFO  pages.guru99.LoginPage - Clicking Login Button
2026-06-06 14:25:58,897 INFO  pages.guru99.LoginPage - Login Process Completed
2026-06-06 14:25:58,900 INFO  pages.guru99.HomePage - Verifying Manager Home Page
2026-06-06 14:40:09,667 INFO  pages.guru99.LoginPage - Starting Login Process
2026-06-06 14:40:09,672 INFO  pages.guru99.LoginPage - Entering User ID
2026-06-06 14:40:10,112 INFO  pages.guru99.LoginPage - Entering Password
2026-06-06 14:40:10,279 INFO  pages.guru99.LoginPage - Clicking Login Button
2026-06-06 14:40:10,676 INFO  pages.guru99.LoginPage - Login Process Completed
2026-06-06 14:40:12,142 INFO  pages.guru99.CustomerPage - Creating Customer
2026-06-06 14:53:18,068 INFO  pages.guru99.LoginPage - Starting Login Process
2026-06-06 14:53:18,073 INFO  pages.guru99.LoginPage - Entering User ID
2026-06-06 14:53:18,319 INFO  pages.guru99.LoginPage - Entering Password
2026-06-06 14:53:18,491 INFO  pages.guru99.LoginPage - Clicking Login Button
2026-06-06 14:53:18,903 INFO  pages.guru99.LoginPage - Login Process Completed
2026-06-06 14:53:20,283 INFO  pages.guru99.CustomerPage - Creating Customer
2026-06-06 15:04:12,755 INFO  pages.guru99.LoginPage - Starting Login Process
2026-06-06 15:04:12,760 INFO  pages.guru99.LoginPage - Entering User ID
2026-06-06 15:04:13,010 INFO  pages.guru99.LoginPage - Entering Password
2026-06-06 15:04:13,231 INFO  pages.guru99.LoginPage - Clicking Login Button
2026-06-06 15:04:13,715 INFO  pages.guru99.LoginPage - Login Process Completed
2026-06-06 15:04:15,448 INFO  pages.guru99.CustomerPage - Creating Customer
2026-06-06 15:08:17,208 INFO  pages.guru99.LoginPage - Starting Login Process
2026-06-06 15:08:17,212 INFO  pages.guru99.LoginPage - Entering User ID
2026-06-06 15:08:17,429 INFO  pages.guru99.LoginPage - Entering Password
2026-06-06 15:08:17,614 INFO  pages.guru99.LoginPage - Clicking Login Button
2026-06-06 15:08:18,053 INFO  pages.guru99.LoginPage - Login Process Completed
2026-06-06 15:08:19,603 INFO  pages.guru99.CustomerPage - Creating Customer
2026-06-06 15:10:14,894 INFO  pages.guru99.LoginPage - Starting Login Process
2026-06-06 15:10:14,899 INFO  pages.guru99.LoginPage - Entering User ID
2026-06-06 15:10:15,118 INFO  pages.guru99.LoginPage - Entering Password
2026-06-06 15:10:15,304 INFO  pages.guru99.LoginPage - Clicking Login Button
2026-06-06 15:10:15,797 INFO  pages.guru99.LoginPage - Login Process Completed
2026-06-06 15:10:17,365 INFO  pages.guru99.CustomerPage - Creating Customer
2026-06-08 12:38:57,260 INFO  pages.guru99.LoginPage - Starting Login Process
2026-06-08 12:38:57,267 INFO  pages.guru99.LoginPage - Entering User ID
2026-06-08 12:38:57,815 INFO  pages.guru99.LoginPage - Entering Password
2026-06-08 12:38:58,122 INFO  pages.guru99.LoginPage - Clicking Login Button
2026-06-08 12:38:58,680 INFO  pages.guru99.LoginPage - Login Process Completed
2026-06-08 12:38:58,687 INFO  pages.guru99.HomePage - Verifying Manager Home Page
2026-06-08 12:39:05,141 INFO  pages.guru99.LoginPage - Starting Login Process
2026-06-08 12:39:05,144 INFO  pages.guru99.LoginPage - Entering User ID
2026-06-08 12:39:05,551 INFO  pages.guru99.LoginPage - Entering Password
2026-06-08 12:39:05,826 INFO  pages.guru99.LoginPage - Clicking Login Button
2026-06-08 12:39:06,393 INFO  pages.guru99.LoginPage - Login Process Completed
2026-06-08 12:39:08,710 INFO  pages.guru99.CustomerPage - Creating Customer
2026-06-08 14:45:23,857 INFO  pages.guru99.LoginPage - Starting Login Process
2026-06-08 14:45:23,869 INFO  pages.guru99.LoginPage - Entering User ID
2026-06-08 14:45:24,167 INFO  pages.guru99.LoginPage - Entering Password
2026-06-08 14:45:24,323 INFO  pages.guru99.LoginPage - Clicking Login Button
2026-06-08 14:45:24,670 INFO  pages.guru99.LoginPage - Login Process Completed
2026-06-08 14:45:24,673 INFO  pages.guru99.HomePage - Verifying Manager Home Page
2026-06-08 14:45:28,486 INFO  pages.guru99.LoginPage - Starting Login Process
2026-06-08 14:45:28,486 INFO  pages.guru99.LoginPage - Entering User ID
2026-06-08 14:45:28,660 INFO  pages.guru99.LoginPage - Entering Password
2026-06-08 14:45:28,801 INFO  pages.guru99.LoginPage - Clicking Login Button
2026-06-08 14:45:29,157 INFO  pages.guru99.LoginPage - Login Process Completed
2026-06-08 14:45:30,299 INFO  pages.guru99.CustomerPage - Creating Customer
2026-06-08 14:45:36,602 INFO  pages.guru99.LoginPage - Starting Login Process
2026-06-08 14:45:36,603 INFO  pages.guru99.LoginPage - Entering User ID
2026-06-08 14:45:36,776 INFO  pages.guru99.LoginPage - Entering Password
2026-06-08 14:45:36,926 INFO  pages.guru99.LoginPage - Clicking Login Button
2026-06-08 14:45:37,268 INFO  pages.guru99.LoginPage - Login Process Completed
2026-06-08 14:45:39,244 INFO  pages.guru99.CustomerPage - Creating Customer
2026-06-08 14:45:42,124 INFO  pages.guru99.AccountPage - Creating New Account
2026-06-08 14:49:11,251 INFO  pages.guru99.LoginPage - Starting Login Process
2026-06-08 14:49:11,254 INFO  pages.guru99.LoginPage - Entering User ID
2026-06-08 14:49:11,441 INFO  pages.guru99.LoginPage - Entering Password
2026-06-08 14:49:11,569 INFO  pages.guru99.LoginPage - Clicking Login Button
2026-06-08 14:49:11,978 INFO  pages.guru99.LoginPage - Login Process Completed
2026-06-08 14:49:13,752 INFO  pages.guru99.CustomerPage - Creating Customer
2026-06-08 14:49:16,709 INFO  pages.guru99.AccountPage - Creating New Account
2026-06-08 15:08:23,278 INFO  pages.guru99.LoginPage - Starting Login Process
2026-06-08 15:08:23,282 INFO  pages.guru99.LoginPage - Entering User ID
2026-06-08 15:08:23,479 INFO  pages.guru99.LoginPage - Entering Password
2026-06-08 15:08:23,616 INFO  pages.guru99.LoginPage - Clicking Login Button
2026-06-08 15:08:23,960 INFO  pages.guru99.LoginPage - Login Process Completed
2026-06-08 15:08:26,045 INFO  pages.guru99.ChangePasswordPage - Changing Password
2026-06-08 15:16:14,981 INFO  pages.guru99.LoginPage - Starting Login Process
2026-06-08 15:16:14,985 INFO  pages.guru99.LoginPage - Entering User ID
2026-06-08 15:16:15,187 INFO  pages.guru99.LoginPage - Entering Password
2026-06-08 15:16:15,365 INFO  pages.guru99.LoginPage - Clicking Login Button
2026-06-08 15:16:15,790 INFO  pages.guru99.LoginPage - Login Process Completed
2026-06-08 15:22:36,634 INFO  pages.guru99.LoginPage - Starting Login Process
2026-06-08 15:22:36,637 INFO  pages.guru99.LoginPage - Entering User ID
2026-06-08 15:22:36,844 INFO  pages.guru99.LoginPage - Entering Password
2026-06-08 15:22:37,002 INFO  pages.guru99.LoginPage - Clicking Login Button
2026-06-08 15:22:37,347 INFO  pages.guru99.LoginPage - Login Process Completed
2026-06-08 15:30:52,214 INFO  pages.guru99.LoginPage - Starting Login Process
2026-06-08 15:30:52,219 INFO  pages.guru99.LoginPage - Entering User ID
2026-06-08 15:30:52,406 INFO  pages.guru99.LoginPage - Entering Password
2026-06-08 15:30:52,546 INFO  pages.guru99.LoginPage - Clicking Login Button
2026-06-08 15:30:52,924 INFO  pages.guru99.LoginPage - Login Process Completed
2026-06-08 15:30:54,199 INFO  pages.guru99.CustomerPage - Creating Customer
2026-06-08 15:32:28,098 INFO  pages.guru99.LoginPage - Starting Login Process
2026-06-08 15:32:28,102 INFO  pages.guru99.LoginPage - Entering User ID
2026-06-08 15:32:28,307 INFO  pages.guru99.LoginPage - Entering Password
2026-06-08 15:32:28,492 INFO  pages.guru99.LoginPage - Clicking Login Button
2026-06-08 15:32:28,893 INFO  pages.guru99.LoginPage - Login Process Completed
2026-06-08 15:32:58,664 INFO  pages.guru99.LoginPage - Starting Login Process
2026-06-08 15:32:58,668 INFO  pages.guru99.LoginPage - Entering User ID
2026-06-08 15:32:58,847 INFO  pages.guru99.LoginPage - Entering Password
2026-06-08 15:32:58,984 INFO  pages.guru99.LoginPage - Clicking Login Button
2026-06-08 15:32:59,339 INFO  pages.guru99.LoginPage - Login Process Completed
2026-06-08 15:33:00,493 INFO  pages.guru99.CustomerPage - Creating Customer
2026-06-08 15:33:23,193 INFO  pages.guru99.LoginPage - Starting Login Process
2026-06-08 15:33:23,196 INFO  pages.guru99.LoginPage - Entering User ID
2026-06-08 15:33:23,405 INFO  pages.guru99.LoginPage - Entering Password
2026-06-08 15:33:23,539 INFO  pages.guru99.LoginPage - Clicking Login Button
2026-06-08 15:33:23,921 INFO  pages.guru99.LoginPage - Login Process Completed
2026-06-08 15:33:26,670 INFO  pages.guru99.CustomerPage - Creating Customer
2026-06-08 15:33:29,485 INFO  pages.guru99.AccountPage - Creating New Account
2026-06-08 15:34:17,302 INFO  pages.guru99.LoginPage - Starting Login Process
2026-06-08 15:34:17,307 INFO  pages.guru99.LoginPage - Entering User ID
2026-06-08 15:34:17,598 INFO  pages.guru99.LoginPage - Entering Password
2026-06-08 15:34:17,799 INFO  pages.guru99.LoginPage - Clicking Login Button
2026-06-08 15:34:18,247 INFO  pages.guru99.LoginPage - Login Process Completed
2026-06-08 15:34:20,136 INFO  pages.guru99.BalanceEnquiryPage - Performing Balance Enquiry
2026-06-08 15:34:51,671 INFO  pages.guru99.LoginPage - Starting Login Process
2026-06-08 15:34:51,673 INFO  pages.guru99.LoginPage - Entering User ID
2026-06-08 15:34:51,851 INFO  pages.guru99.LoginPage - Entering Password
2026-06-08 15:34:51,986 INFO  pages.guru99.LoginPage - Clicking Login Button
2026-06-08 15:34:52,338 INFO  pages.guru99.LoginPage - Login Process Completed
2026-06-08 15:34:54,397 INFO  pages.guru99.BalanceEnquiryPage - Performing Balance Enquiry
2026-06-08 15:43:52,992 INFO  pages.guru99.LoginPage - Starting Login Process
2026-06-08 15:43:52,997 INFO  pages.guru99.LoginPage - Entering User ID
2026-06-08 15:43:53,195 INFO  pages.guru99.LoginPage - Entering Password
2026-06-08 15:43:53,327 INFO  pages.guru99.LoginPage - Clicking Login Button
2026-06-08 15:43:53,669 INFO  pages.guru99.LoginPage - Login Process Completed
2026-06-08 15:43:55,642 INFO  pages.guru99.CustomerPage - Creating Customer
2026-06-08 15:43:58,192 INFO  pages.guru99.AccountPage - Creating New Account
2026-06-08 15:44:00,044 INFO  pages.guru99.BalanceEnquiryPage - Performing Balance Enquiry
2026-06-08 15:54:45,431 INFO  pages.guru99.LoginPage - Starting Login Process
2026-06-08 15:54:45,435 INFO  pages.guru99.LoginPage - Entering User ID
2026-06-08 15:54:45,614 INFO  pages.guru99.LoginPage - Entering Password
2026-06-08 15:54:45,741 INFO  pages.guru99.LoginPage - Clicking Login Button
2026-06-08 15:54:46,098 INFO  pages.guru99.LoginPage - Login Process Completed
2026-06-08 15:54:47,563 INFO  pages.guru99.CustomerPage - Creating Customer
2026-06-08 15:54:50,128 INFO  pages.guru99.AccountPage - Creating New Account
2026-06-08 23:01:23,376 INFO  pages.guru99.LoginPage - Starting Login Process
2026-06-08 23:01:23,376 INFO  pages.guru99.LoginPage - Entering User ID
2026-06-08 23:01:23,712 INFO  pages.guru99.LoginPage - Entering Password
2026-06-08 23:01:23,947 INFO  pages.guru99.LoginPage - Clicking Login Button
2026-06-08 23:01:24,499 INFO  pages.guru99.LoginPage - Login Process Completed
2026-06-08 23:01:26,535 INFO  pages.guru99.CustomerPage - Creating Customer
2026-06-08 23:01:30,580 INFO  pages.guru99.AccountPage - Creating New Account
2026-06-08 23:31:49,789 INFO  pages.guru99.LoginPage - Starting Login Process
2026-06-08 23:31:49,789 INFO  pages.guru99.LoginPage - Entering User ID
2026-06-08 23:31:50,094 INFO  pages.guru99.LoginPage - Entering Password
2026-06-08 23:31:50,313 INFO  pages.guru99.LoginPage - Clicking Login Button
2026-06-08 23:31:50,772 INFO  pages.guru99.LoginPage - Login Process Completed
2026-06-08 23:31:52,215 INFO  pages.guru99.CustomerPage - Creating Customer
2026-06-08 23:31:56,930 INFO  pages.guru99.AccountPage - Creating New Account
2026-06-08 23:31:59,854 INFO  pages.guru99.WithdrawalPage - Performing Withdrawal
2026-06-08 23:42:32,801 INFO  pages.guru99.LoginPage - Starting Login Process
2026-06-08 23:42:32,804 INFO  pages.guru99.LoginPage - Entering User ID
2026-06-08 23:42:33,083 INFO  pages.guru99.LoginPage - Entering Password
2026-06-08 23:42:33,322 INFO  pages.guru99.LoginPage - Clicking Login Button
2026-06-08 23:42:33,862 INFO  pages.guru99.LoginPage - Login Process Completed
2026-06-08 23:42:36,040 INFO  pages.guru99.CustomerPage - Creating Customer
2026-06-08 23:42:40,011 INFO  pages.guru99.AccountPage - Creating New Account
2026-06-08 23:42:42,775 INFO  pages.guru99.WithdrawalPage - Performing Withdrawal
2026-06-08 23:55:27,267 INFO  pages.guru99.LoginPage - Starting Login Process
2026-06-08 23:55:27,267 INFO  pages.guru99.LoginPage - Entering User ID
2026-06-08 23:55:27,609 INFO  pages.guru99.LoginPage - Entering Password
2026-06-08 23:55:27,826 INFO  pages.guru99.LoginPage - Clicking Login Button
2026-06-08 23:55:29,138 INFO  pages.guru99.LoginPage - Login Process Completed
2026-06-08 23:55:30,144 INFO  pages.guru99.CustomerPage - Creating Customer
2026-06-08 23:55:34,171 INFO  pages.guru99.AccountPage - Creating New Account
2026-06-08 23:55:37,537 INFO  pages.guru99.WithdrawalPage - Performing Withdrawal
2026-06-09 00:00:31,074 INFO  pages.guru99.LoginPage - Starting Login Process
2026-06-09 00:00:31,074 INFO  pages.guru99.LoginPage - Entering User ID
2026-06-09 00:00:31,393 INFO  pages.guru99.LoginPage - Entering Password
2026-06-09 00:00:31,608 INFO  pages.guru99.LoginPage - Clicking Login Button
2026-06-09 00:00:33,368 INFO  pages.guru99.LoginPage - Login Process Completed
2026-06-09 00:00:34,300 INFO  pages.guru99.CustomerPage - Creating Customer
2026-06-09 00:00:38,526 INFO  pages.guru99.AccountPage - Creating New Account
2026-06-09 00:00:41,361 INFO  pages.guru99.WithdrawalPage - Performing Withdrawal
2026-06-09 00:09:53,829 INFO  pages.guru99.LoginPage - Starting Login Process
2026-06-09 00:09:53,829 INFO  pages.guru99.LoginPage - Entering User ID
2026-06-09 00:09:54,293 INFO  pages.guru99.LoginPage - Entering Password
2026-06-09 00:09:54,600 INFO  pages.guru99.LoginPage - Clicking Login Button
2026-06-09 00:09:55,105 INFO  pages.guru99.LoginPage - Login Process Completed
2026-06-09 00:10:06,377 INFO  pages.guru99.CustomerPage - Creating Customer
2026-06-09 00:10:12,201 INFO  pages.guru99.AccountPage - Creating New Account
2026-06-09 00:10:15,782 INFO  pages.guru99.WithdrawalPage - Performing Withdrawal
2026-06-09 00:26:13,002 INFO  pages.guru99.LoginPage - Starting Login Process
2026-06-09 00:26:13,011 INFO  pages.guru99.LoginPage - Entering User ID
2026-06-09 00:26:13,325 INFO  pages.guru99.LoginPage - Entering Password
2026-06-09 00:26:13,572 INFO  pages.guru99.LoginPage - Clicking Login Button
2026-06-09 00:26:14,038 INFO  pages.guru99.LoginPage - Login Process Completed
2026-06-09 00:26:15,689 INFO  pages.guru99.CustomerPage - Creating Customer
2026-06-09 00:26:19,860 INFO  pages.guru99.AccountPage - Creating New Account
2026-06-09 00:26:22,518 INFO  pages.guru99.AccountPage - Creating New Account
2026-06-09 00:26:25,325 INFO  pages.guru99.AccountPage - Creating New Account
2026-06-09 00:26:27,763 INFO  pages.guru99.WithdrawalPage - Performing Withdrawal
2026-06-09 00:28:11,573 INFO  pages.guru99.LoginPage - Starting Login Process
2026-06-09 00:28:11,579 INFO  pages.guru99.LoginPage - Entering User ID
2026-06-09 00:28:11,881 INFO  pages.guru99.LoginPage - Entering Password
2026-06-09 00:28:12,114 INFO  pages.guru99.LoginPage - Clicking Login Button
2026-06-09 00:28:12,787 INFO  pages.guru99.LoginPage - Login Process Completed
2026-06-09 00:28:15,073 INFO  pages.guru99.CustomerPage - Creating Customer
2026-06-09 00:28:19,351 INFO  pages.guru99.AccountPage - Creating New Account
2026-06-09 00:28:21,824 INFO  pages.guru99.AccountPage - Creating New Account
2026-06-09 00:28:24,217 INFO  pages.guru99.AccountPage - Creating New Account
2026-06-09 00:28:27,192 INFO  pages.guru99.FundTransferPage - Performing Fund Transfer
2026-06-09 00:28:29,468 INFO  pages.guru99.WithdrawalPage - Performing Withdrawal
2026-06-09 00:29:55,209 INFO  pages.guru99.LoginPage - Starting Login Process
2026-06-09 00:29:55,222 INFO  pages.guru99.LoginPage - Entering User ID
2026-06-09 00:29:55,518 INFO  pages.guru99.LoginPage - Entering Password
2026-06-09 00:29:55,750 INFO  pages.guru99.LoginPage - Clicking Login Button
2026-06-09 00:29:56,191 INFO  pages.guru99.LoginPage - Login Process Completed
2026-06-09 00:29:58,897 INFO  pages.guru99.CustomerPage - Creating Customer
2026-06-09 00:30:19,030 INFO  pages.guru99.LoginPage - Starting Login Process
2026-06-09 00:30:19,030 INFO  pages.guru99.LoginPage - Entering User ID
2026-06-09 00:30:19,348 INFO  pages.guru99.LoginPage - Entering Password
2026-06-09 00:30:19,567 INFO  pages.guru99.LoginPage - Clicking Login Button
2026-06-09 00:30:20,740 INFO  pages.guru99.LoginPage - Login Process Completed
2026-06-09 00:30:21,654 INFO  pages.guru99.CustomerPage - Creating Customer
2026-06-09 00:30:26,150 INFO  pages.guru99.AccountPage - Creating New Account
2026-06-09 00:30:29,169 INFO  pages.guru99.AccountPage - Creating New Account
2026-06-09 00:30:31,647 INFO  pages.guru99.AccountPage - Creating New Account
2026-06-09 00:30:34,434 INFO  pages.guru99.FundTransferPage - Performing Fund Transfer
2026-06-09 00:30:37,249 INFO  pages.guru99.WithdrawalPage - Performing Withdrawal
2026-06-09 00:34:31,765 INFO  pages.guru99.LoginPage - Starting Login Process
2026-06-09 00:34:31,765 INFO  pages.guru99.LoginPage - Entering User ID
2026-06-09 00:34:32,060 INFO  pages.guru99.LoginPage - Entering Password
2026-06-09 00:34:32,296 INFO  pages.guru99.LoginPage - Clicking Login Button
2026-06-09 00:34:32,879 INFO  pages.guru99.LoginPage - Login Process Completed
2026-06-09 00:34:34,932 INFO  pages.guru99.CustomerPage - Creating Customer
2026-06-09 00:34:39,378 INFO  pages.guru99.AccountPage - Creating New Account
2026-06-09 00:34:42,253 INFO  pages.guru99.AccountPage - Creating New Account
2026-06-09 00:34:44,833 INFO  pages.guru99.AccountPage - Creating New Account
2026-06-09 00:34:47,633 INFO  pages.guru99.FundTransferPage - Performing Fund Transfer
2026-06-09 00:34:50,338 INFO  pages.guru99.WithdrawalPage - Performing Withdrawal
2026-06-09 00:40:42,626 INFO  pages.guru99.LoginPage - Starting Login Process
2026-06-09 00:40:42,631 INFO  pages.guru99.LoginPage - Entering User ID
2026-06-09 00:40:42,955 INFO  pages.guru99.LoginPage - Entering Password
2026-06-09 00:40:43,218 INFO  pages.guru99.LoginPage - Clicking Login Button
2026-06-09 00:40:43,786 INFO  pages.guru99.LoginPage - Login Process Completed
2026-06-09 00:40:45,687 INFO  pages.guru99.CustomerPage - Creating Customer
2026-06-09 00:40:50,783 INFO  pages.guru99.AccountPage - Creating New Account
2026-06-09 00:40:53,956 INFO  pages.guru99.AccountPage - Creating New Account
2026-06-09 00:40:56,535 INFO  pages.guru99.AccountPage - Creating New Account
2026-06-09 00:40:59,529 INFO  pages.guru99.FundTransferPage - Performing Fund Transfer
2026-06-09 00:41:02,352 INFO  pages.guru99.DepositPage - Performing Deposit
2026-06-09 00:51:45,939 INFO  pages.guru99.LoginPage - Starting Login Process
2026-06-09 00:51:45,939 INFO  pages.guru99.LoginPage - Entering User ID
2026-06-09 00:51:46,249 INFO  pages.guru99.LoginPage - Entering Password
2026-06-09 00:51:46,565 INFO  pages.guru99.LoginPage - Clicking Login Button
2026-06-09 00:51:47,788 INFO  pages.guru99.LoginPage - Login Process Completed
2026-06-09 00:51:48,783 INFO  pages.guru99.CustomerPage - Creating Customer
2026-06-09 00:52:31,018 INFO  pages.guru99.LoginPage - Starting Login Process
2026-06-09 00:52:31,031 INFO  pages.guru99.LoginPage - Entering User ID
2026-06-09 00:52:31,309 INFO  pages.guru99.LoginPage - Entering Password
2026-06-09 00:52:31,629 INFO  pages.guru99.LoginPage - Clicking Login Button
2026-06-09 00:52:32,142 INFO  pages.guru99.LoginPage - Login Process Completed
2026-06-09 00:52:33,847 INFO  pages.guru99.CustomerPage - Creating Customer
2026-06-09 00:52:37,779 INFO  pages.guru99.AccountPage - Creating New Account
2026-06-09 00:52:40,780 INFO  pages.guru99.AccountPage - Creating New Account
2026-06-09 00:52:43,405 INFO  pages.guru99.AccountPage - Creating New Account
2026-06-09 00:52:46,009 INFO  pages.guru99.FundTransferPage - Performing Fund Transfer
2026-06-09 00:52:48,555 INFO  pages.guru99.DepositPage - Performing Deposit
2026-06-09 01:01:51,092 INFO  pages.guru99.LoginPage - Starting Login Process
2026-06-09 01:01:51,106 INFO  pages.guru99.LoginPage - Entering User ID
2026-06-09 01:01:51,396 INFO  pages.guru99.LoginPage - Entering Password
2026-06-09 01:01:51,645 INFO  pages.guru99.LoginPage - Clicking Login Button
2026-06-09 01:01:52,151 INFO  pages.guru99.LoginPage - Login Process Completed
2026-06-09 01:01:58,687 INFO  pages.guru99.CustomerPage - Creating Customer
2026-06-09 01:02:04,392 INFO  pages.guru99.AccountPage - Creating New Account
2026-06-09 01:02:07,045 INFO  pages.guru99.AccountPage - Creating New Account
2026-06-09 01:02:09,696 INFO  pages.guru99.AccountPage - Creating New Account
2026-06-09 01:02:14,001 INFO  pages.guru99.FundTransferPage - Performing Fund Transfer
2026-06-09 01:02:17,257 INFO  pages.guru99.DepositPage - Performing Deposit
2026-06-09 01:09:11,407 INFO  pages.guru99.LoginPage - Starting Login Process
2026-06-09 01:09:11,414 INFO  pages.guru99.LoginPage - Entering User ID
2026-06-09 01:09:12,055 INFO  pages.guru99.LoginPage - Entering Password
2026-06-09 01:09:12,467 INFO  pages.guru99.LoginPage - Clicking Login Button
2026-06-09 01:09:13,338 INFO  pages.guru99.LoginPage - Login Process Completed
2026-06-09 01:09:16,189 INFO  pages.guru99.CustomerPage - Creating Customer
2026-06-09 01:09:23,906 INFO  pages.guru99.AccountPage - Creating New Account
2026-06-09 01:09:28,241 INFO  pages.guru99.AccountPage - Creating New Account
2026-06-09 01:09:32,083 INFO  pages.guru99.AccountPage - Creating New Account
2026-06-09 01:09:35,849 INFO  pages.guru99.FundTransferPage - Performing Fund Transfer
2026-06-09 01:09:39,171 INFO  pages.guru99.DepositPage - Performing Deposit
2026-06-09 01:11:25,871 INFO  pages.guru99.LoginPage - Starting Login Process
2026-06-09 01:11:25,874 INFO  pages.guru99.LoginPage - Entering User ID
2026-06-09 01:11:26,356 INFO  pages.guru99.LoginPage - Entering Password
2026-06-09 01:11:26,752 INFO  pages.guru99.LoginPage - Clicking Login Button
2026-06-09 01:11:27,546 INFO  pages.guru99.LoginPage - Login Process Completed
2026-06-09 01:11:30,185 INFO  pages.guru99.CustomerPage - Creating Customer
2026-06-09 01:11:36,525 INFO  pages.guru99.AccountPage - Creating New Account
2026-06-09 01:11:39,949 INFO  pages.guru99.AccountPage - Creating New Account
2026-06-09 01:11:43,329 INFO  pages.guru99.AccountPage - Creating New Account
2026-06-09 01:11:46,853 INFO  pages.guru99.FundTransferPage - Performing Fund Transfer
2026-06-09 01:11:50,885 INFO  pages.guru99.DepositPage - Performing Deposit
2026-06-09 01:17:16,748 INFO  pages.guru99.LoginPage - Starting Login Process
2026-06-09 01:17:16,752 INFO  pages.guru99.LoginPage - Entering User ID
2026-06-09 01:17:17,482 INFO  pages.guru99.LoginPage - Entering Password
2026-06-09 01:17:17,856 INFO  pages.guru99.LoginPage - Clicking Login Button
2026-06-09 01:17:18,503 INFO  pages.guru99.LoginPage - Login Process Completed
2026-06-09 01:17:21,500 INFO  pages.guru99.CustomerPage - Creating Customer
2026-06-09 01:17:28,469 INFO  pages.guru99.AccountPage - Creating New Account
2026-06-09 01:17:32,193 INFO  pages.guru99.AccountPage - Creating New Account
2026-06-09 01:17:35,769 INFO  pages.guru99.AccountPage - Creating New Account
2026-06-09 01:17:40,452 INFO  pages.guru99.FundTransferPage - Performing Fund Transfer
2026-06-09 01:17:43,831 INFO  pages.guru99.WithdrawalPage - Performing Withdrawal
2026-06-09 01:17:48,036 INFO  pages.guru99.DepositPage - Performing Deposit
2026-06-09 01:25:06,928 INFO  pages.guru99.LoginPage - Starting Login Process
2026-06-09 01:25:06,936 INFO  pages.guru99.LoginPage - Entering User ID
2026-06-09 01:25:07,473 INFO  pages.guru99.LoginPage - Entering Password
2026-06-09 01:25:07,959 INFO  pages.guru99.LoginPage - Clicking Login Button
2026-06-09 01:25:08,775 INFO  pages.guru99.LoginPage - Login Process Completed
2026-06-09 01:25:11,642 INFO  pages.guru99.CustomerPage - Creating Customer
2026-06-09 01:25:19,953 INFO  pages.guru99.AccountPage - Creating New Account
2026-06-09 01:25:24,032 INFO  pages.guru99.AccountPage - Creating New Account
2026-06-09 01:25:28,564 INFO  pages.guru99.AccountPage - Creating New Account
2026-06-09 01:25:33,032 INFO  pages.guru99.FundTransferPage - Performing Fund Transfer
2026-06-09 01:25:37,139 INFO  pages.guru99.WithdrawalPage - Performing Withdrawal
2026-06-09 01:28:37,191 INFO  pages.guru99.LoginPage - Starting Login Process
2026-06-09 01:28:37,193 INFO  pages.guru99.LoginPage - Entering User ID
2026-06-09 01:28:38,015 INFO  pages.guru99.LoginPage - Entering Password
2026-06-09 01:28:38,464 INFO  pages.guru99.LoginPage - Clicking Login Button
2026-06-09 01:28:39,222 INFO  pages.guru99.LoginPage - Login Process Completed
2026-06-09 01:28:42,032 INFO  pages.guru99.CustomerPage - Creating Customer
2026-06-09 01:32:34,817 INFO  pages.guru99.LoginPage - Starting Login Process
2026-06-09 01:32:34,817 INFO  pages.guru99.LoginPage - Entering User ID
2026-06-09 01:32:35,273 INFO  pages.guru99.LoginPage - Entering Password
2026-06-09 01:32:35,662 INFO  pages.guru99.LoginPage - Clicking Login Button
2026-06-09 01:32:37,767 INFO  pages.guru99.LoginPage - Login Process Completed
2026-06-09 01:32:39,219 INFO  pages.guru99.CustomerPage - Creating Customer
2026-06-09 01:32:46,328 INFO  pages.guru99.AccountPage - Creating New Account
2026-06-09 01:32:50,615 INFO  pages.guru99.AccountPage - Creating New Account
2026-06-09 01:32:55,112 INFO  pages.guru99.AccountPage - Creating New Account
2026-06-09 01:32:59,668 INFO  pages.guru99.FundTransferPage - Performing Fund Transfer
2026-06-09 01:33:03,915 INFO  pages.guru99.WithdrawalPage - Performing Withdrawal
2026-06-09 01:33:08,333 INFO  pages.guru99.DepositPage - Performing Deposit
2026-06-09 01:45:56,699 INFO  pages.guru99.LoginPage - Starting Login Process
2026-06-09 01:45:56,704 INFO  pages.guru99.LoginPage - Entering User ID
2026-06-09 01:45:57,329 INFO  pages.guru99.LoginPage - Entering Password
2026-06-09 01:45:57,767 INFO  pages.guru99.LoginPage - Clicking Login Button
2026-06-09 01:45:58,595 INFO  pages.guru99.LoginPage - Login Process Completed
2026-06-09 01:46:00,886 INFO  pages.guru99.CustomerPage - Creating Customer
2026-06-09 01:46:06,265 INFO  pages.guru99.AccountPage - Creating New Account
2026-06-09 01:46:09,762 INFO  pages.guru99.AccountPage - Creating New Account
2026-06-09 01:46:13,290 INFO  pages.guru99.AccountPage - Creating New Account
2026-06-09 01:46:16,606 INFO  pages.guru99.FundTransferPage - Performing Fund Transfer
2026-06-09 01:46:19,953 INFO  pages.guru99.WithdrawalPage - Performing Withdrawal
2026-06-09 01:46:23,845 INFO  pages.guru99.DepositPage - Performing Deposit
2026-06-09 01:49:22,721 INFO  pages.guru99.LoginPage - Starting Login Process
2026-06-09 01:49:22,729 INFO  pages.guru99.LoginPage - Entering User ID
2026-06-09 01:49:23,410 INFO  pages.guru99.LoginPage - Entering Password
2026-06-09 01:49:23,849 INFO  pages.guru99.LoginPage - Clicking Login Button
2026-06-09 01:49:24,616 INFO  pages.guru99.LoginPage - Login Process Completed
2026-06-09 01:49:27,433 INFO  pages.guru99.CustomerPage - Creating Customer
2026-06-09 01:49:35,636 INFO  pages.guru99.AccountPage - Creating New Account
2026-06-09 01:49:39,973 INFO  pages.guru99.AccountPage - Creating New Account
2026-06-09 01:49:44,564 INFO  pages.guru99.AccountPage - Creating New Account
2026-06-09 01:49:49,013 INFO  pages.guru99.FundTransferPage - Performing Fund Transfer
2026-06-09 01:49:53,105 INFO  pages.guru99.WithdrawalPage - Performing Withdrawal
2026-06-09 01:49:56,159 INFO  pages.guru99.DepositPage - Performing Deposit
